d:\uni\okg\okg_lab7\lab7\lab04\win32project1\x64\debug\vc143.pdb
d:\uni\okg\okg_lab7\lab7\lab04\win32project1\x64\debug\vc143.idb
d:\uni\okg\okg_lab7\lab7\lab04\win32project1\x64\debug\main.obj
d:\uni\okg\okg_lab7\lab7\lab04\win32project1\x64\debug\cpyramid.obj
d:\uni\okg\okg_lab7\lab7\lab04\win32project1\x64\debug\cmatrix.obj
d:\uni\okg\okg_lab7\lab7\lab04\win32project1\x64\debug\lab7.ilk
d:\uni\okg\okg_lab7\lab7\lab04\win32project1\x64\debug\win32project1.ilk
d:\uni\okg\okg_lab7\lab7\lab04\x64\debug\lab7.pdb
d:\uni\okg\okg_lab7\lab7\lab04\win32project1\x64\debug\lab7.tlog\cl.command.1.tlog
d:\uni\okg\okg_lab7\lab7\lab04\win32project1\x64\debug\lab7.tlog\cl.items.tlog
d:\uni\okg\okg_lab7\lab7\lab04\win32project1\x64\debug\lab7.tlog\cl.read.1.tlog
d:\uni\okg\okg_lab7\lab7\lab04\win32project1\x64\debug\lab7.tlog\cl.write.1.tlog
d:\uni\okg\okg_lab7\lab7\lab04\win32project1\x64\debug\lab7.tlog\link.16892-cvtres.read.1.tlog
d:\uni\okg\okg_lab7\lab7\lab04\win32project1\x64\debug\lab7.tlog\link.16892-cvtres.write.1.tlog
d:\uni\okg\okg_lab7\lab7\lab04\win32project1\x64\debug\lab7.tlog\link.16892-mt.read.1.tlog
d:\uni\okg\okg_lab7\lab7\lab04\win32project1\x64\debug\lab7.tlog\link.16892-mt.write.1.tlog
d:\uni\okg\okg_lab7\lab7\lab04\win32project1\x64\debug\lab7.tlog\link.16892-rc.read.1.tlog
d:\uni\okg\okg_lab7\lab7\lab04\win32project1\x64\debug\lab7.tlog\link.16892-rc.write.1.tlog
d:\uni\okg\okg_lab7\lab7\lab04\win32project1\x64\debug\lab7.tlog\link.16892.read.1.tlog
d:\uni\okg\okg_lab7\lab7\lab04\win32project1\x64\debug\lab7.tlog\link.16892.read.2.tlog
d:\uni\okg\okg_lab7\lab7\lab04\win32project1\x64\debug\lab7.tlog\link.16892.write.1.tlog
d:\uni\okg\okg_lab7\lab7\lab04\win32project1\x64\debug\lab7.tlog\link.command.1.tlog
d:\uni\okg\okg_lab7\lab7\lab04\win32project1\x64\debug\lab7.tlog\link.read.1.tlog
d:\uni\okg\okg_lab7\lab7\lab04\win32project1\x64\debug\lab7.tlog\link.secondary.1.tlog
d:\uni\okg\okg_lab7\lab7\lab04\win32project1\x64\debug\lab7.tlog\link.write.1.tlog
