  stdafx.cpp
  ChildView.cpp
  CMatrix.cpp
  Lab03.cpp
  LibBlade.cpp
D:\Uni\OKG\OKG_lab5\OKG_lab5\Lab01\LibBlade.cpp(138,33): warning C4244: аргумент: преобразование "double" в "int", возможна потеря данных
  (компиляция исходного файла "/LibBlade.cpp")
  
D:\Uni\OKG\OKG_lab5\OKG_lab5\Lab01\LibBlade.cpp(138,29): warning C4244: аргумент: преобразование "double" в "int", возможна потеря данных
  (компиляция исходного файла "/LibBlade.cpp")
  
D:\Uni\OKG\OKG_lab5\OKG_lab5\Lab01\LibBlade.cpp(138,25): warning C4244: аргумент: преобразование "double" в "int", возможна потеря данных
  (компиляция исходного файла "/LibBlade.cpp")
  
D:\Uni\OKG\OKG_lab5\OKG_lab5\Lab01\LibBlade.cpp(138,20): warning C4244: аргумент: преобразование "double" в "int", возможна потеря данных
  (компиляция исходного файла "/LibBlade.cpp")
  
D:\Uni\OKG\OKG_lab5\OKG_lab5\Lab01\LibBlade.cpp(143,37): warning C4244: аргумент: преобразование "double" в "int", возможна потеря данных
  (компиляция исходного файла "/LibBlade.cpp")
  
D:\Uni\OKG\OKG_lab5\OKG_lab5\Lab01\LibBlade.cpp(143,32): warning C4244: аргумент: преобразование "double" в "int", возможна потеря данных
  (компиляция исходного файла "/LibBlade.cpp")
  
D:\Uni\OKG\OKG_lab5\OKG_lab5\Lab01\LibBlade.cpp(143,27): warning C4244: аргумент: преобразование "double" в "int", возможна потеря данных
  (компиляция исходного файла "/LibBlade.cpp")
  
D:\Uni\OKG\OKG_lab5\OKG_lab5\Lab01\LibBlade.cpp(143,21): warning C4244: аргумент: преобразование "double" в "int", возможна потеря данных
  (компиляция исходного файла "/LibBlade.cpp")
  
  MainFrm.cpp
  Создание кода
  Previous IPDB not found, fall back to full compilation.
  All 223 functions were compiled because no usable IPDB/IOBJ from previous compilation was found.
  Создание кода завершено
  Lab01.vcxproj -> D:\Uni\OKG\OKG_lab5\OKG_lab5\x64\Release\Lab03.exe
